<?xml version="1.0" encoding="UTF-8"?>
<testng-results skipped="0" failed="0" total="1" passed="1">
  <reporter-output>
  </reporter-output>
  <suite name="Suite" duration-ms="3852" started-at="2017-10-24T07:37:44Z" finished-at="2017-10-24T07:37:48Z">
    <groups>
    </groups>
    <test name="Test" duration-ms="3852" started-at="2017-10-24T07:37:44Z" finished-at="2017-10-24T07:37:48Z">
      <class name="example.NewTest">
        <test-method status="PASS" signature="beforeTest()[pri:0, instance:example.NewTest@735f7ae5]" name="beforeTest" is-config="true" duration-ms="1963" started-at="2017-10-24T15:37:44Z" finished-at="2017-10-24T15:37:46Z">
          <reporter-output>
          </reporter-output>
        </test-method> <!-- beforeTest -->
        <test-method status="PASS" signature="test()[pri:0, instance:example.NewTest@735f7ae5]" name="test" duration-ms="1299" started-at="2017-10-24T15:37:46Z" finished-at="2017-10-24T15:37:47Z">
          <reporter-output>
          </reporter-output>
        </test-method> <!-- test -->
        <test-method status="PASS" signature="afterTest()[pri:0, instance:example.NewTest@735f7ae5]" name="afterTest" is-config="true" duration-ms="577" started-at="2017-10-24T15:37:47Z" finished-at="2017-10-24T15:37:48Z">
          <reporter-output>
          </reporter-output>
        </test-method> <!-- afterTest -->
      </class> <!-- example.NewTest -->
    </test> <!-- Test -->
  </suite> <!-- Suite -->
</testng-results>
